========================================================================= 
Log Path: /Users/lisalisa/Library/CloudStorage/Dropbox/kilili_shared_project/MLSP_GeneFamilySize_project/results/PGLS_LOO_sys_errorhandding/log/GenefamilySize.longevity.NoBTaurus.log10MLSP_RelBrainMass.associated.genes.benjamini.correction.log 
Working Directory: /Users/lisalisa/Library/CloudStorage/Dropbox/kilili_shared_project/MLSP_GeneFamilySize_project/results/PGLS_LOO_sys_errorhandding 
User Name: momo 
R Version: 4.2.3 (2023-03-15) 
Machine: 172-26-45-119.eduroam.bath.ac.uk arm64 
Operating System: Darwin 24.3.0 Darwin Kernel Version 24.3.0: Thu Jan 2 20:23:36 PST 2025; root:xnu-11215.81.4~3/RELEASE_ARM64_T8112 
Base Packages: parallel stats graphics grDevices utils datasets methods base 
Other Packages: ggpubr_0.6.0 dplyr_1.1.4 logr_1.3.8 common_1.1.3 ggplot2_3.5.1 reshape_0.8.9 nlme_3.1-164 ape_5.8 
Log Start Time: 2025-02-12 18:33:48 
========================================================================= 

######################### 

##### Systematic LOO PGLS #### 

######################### 

3183 

NOTE: Log Print Time:  2025-02-12 18:34:25 
NOTE: Elapsed Time: 36.8350620269775 secs 

All species must have at least 2865 genes 

NOTE: Log Print Time:  2025-02-12 18:34:25 
NOTE: Elapsed Time: 0.000339984893798828 secs 

Removed species: 

NOTE: Log Print Time:  2025-02-12 18:34:25 
NOTE: Elapsed Time: 0.000841140747070312 secs 

Created files: nearly.universal.90.iter_1_Ailuropoda_melanoleuca.percent.90ssp.treshold.csv and Total.counts.iter_1_Ailuropoda_melanoleuca.45spp.csv 

NOTE: Log Print Time:  2025-02-12 18:34:25 
NOTE: Elapsed Time: 0.136219024658203 secs 

Created file: Filtered.GeneNum.iter_1_Ailuropoda_melanoleuca.cEi_log10MLSP.csv 

NOTE: Log Print Time:  2025-02-12 18:34:25 
NOTE: Elapsed Time: 0.294062852859497 secs 

3172 

NOTE: Log Print Time:  2025-02-12 18:34:52 
NOTE: Elapsed Time: 26.709007024765 secs 

All species must have at least 2855 genes 

NOTE: Log Print Time:  2025-02-12 18:34:52 
NOTE: Elapsed Time: 0.000488042831420898 secs 

Removed species: 

NOTE: Log Print Time:  2025-02-12 18:34:52 
NOTE: Elapsed Time: 0.00082707405090332 secs 

Created files: nearly.universal.90.iter_2_Bos_taurus.percent.90ssp.treshold.csv and Total.counts.iter_2_Bos_taurus.45spp.csv 

NOTE: Log Print Time:  2025-02-12 18:34:52 
NOTE: Elapsed Time: 0.179211854934692 secs 

Created file: Filtered.GeneNum.iter_2_Bos_taurus.cEi_log10MLSP.csv 

NOTE: Log Print Time:  2025-02-12 18:34:52 
NOTE: Elapsed Time: 0.136702060699463 secs 

3189 

NOTE: Log Print Time:  2025-02-12 18:35:20 
NOTE: Elapsed Time: 27.77792096138 secs 

All species must have at least 2870 genes 

NOTE: Log Print Time:  2025-02-12 18:35:20 
NOTE: Elapsed Time: 0.000410079956054688 secs 

Removed species: 

NOTE: Log Print Time:  2025-02-12 18:35:20 
NOTE: Elapsed Time: 0.000813961029052734 secs 

Created files: nearly.universal.90.iter_3_Callithrix_jacchus.percent.90ssp.treshold.csv and Total.counts.iter_3_Callithrix_jacchus.45spp.csv 

NOTE: Log Print Time:  2025-02-12 18:35:20 
NOTE: Elapsed Time: 0.15264892578125 secs 

Created file: Filtered.GeneNum.iter_3_Callithrix_jacchus.cEi_log10MLSP.csv 

NOTE: Log Print Time:  2025-02-12 18:35:20 
NOTE: Elapsed Time: 0.166918992996216 secs 

3146 

NOTE: Log Print Time:  2025-02-12 18:35:48 
NOTE: Elapsed Time: 27.8547379970551 secs 

All species must have at least 2831 genes 

NOTE: Log Print Time:  2025-02-12 18:35:48 
NOTE: Elapsed Time: 0.000432968139648438 secs 

Removed species: 

NOTE: Log Print Time:  2025-02-12 18:35:48 
NOTE: Elapsed Time: 0.000828027725219727 secs 

Created files: nearly.universal.90.iter_4_Canis_familiaris.percent.90ssp.treshold.csv and Total.counts.iter_4_Canis_familiaris.45spp.csv 

NOTE: Log Print Time:  2025-02-12 18:35:48 
NOTE: Elapsed Time: 0.142971992492676 secs 

Created file: Filtered.GeneNum.iter_4_Canis_familiaris.cEi_log10MLSP.csv 

NOTE: Log Print Time:  2025-02-12 18:35:48 
NOTE: Elapsed Time: 0.13713002204895 secs 

3168 

NOTE: Log Print Time:  2025-02-12 18:36:16 
NOTE: Elapsed Time: 27.5259759426117 secs 

All species must have at least 2851 genes 

NOTE: Log Print Time:  2025-02-12 18:36:16 
NOTE: Elapsed Time: 0.000532150268554688 secs 

Removed species: 

NOTE: Log Print Time:  2025-02-12 18:36:16 
NOTE: Elapsed Time: 0.000908851623535156 secs 

Created files: nearly.universal.90.iter_5_Capra_hircus.percent.90ssp.treshold.csv and Total.counts.iter_5_Capra_hircus.45spp.csv 

NOTE: Log Print Time:  2025-02-12 18:36:16 
NOTE: Elapsed Time: 0.214079141616821 secs 

Created file: Filtered.GeneNum.iter_5_Capra_hircus.cEi_log10MLSP.csv 

NOTE: Log Print Time:  2025-02-12 18:36:16 
NOTE: Elapsed Time: 0.219162940979004 secs 

3167 

NOTE: Log Print Time:  2025-02-12 18:36:43 
NOTE: Elapsed Time: 26.7518270015717 secs 

All species must have at least 2850 genes 

NOTE: Log Print Time:  2025-02-12 18:36:43 
NOTE: Elapsed Time: 0.000291109085083008 secs 

Removed species: 

NOTE: Log Print Time:  2025-02-12 18:36:43 
NOTE: Elapsed Time: 0.000855922698974609 secs 

Created files: nearly.universal.90.iter_6_Cavia_porcellus.percent.90ssp.treshold.csv and Total.counts.iter_6_Cavia_porcellus.45spp.csv 

NOTE: Log Print Time:  2025-02-12 18:36:43 
NOTE: Elapsed Time: 0.136703968048096 secs 

Created file: Filtered.GeneNum.iter_6_Cavia_porcellus.cEi_log10MLSP.csv 

NOTE: Log Print Time:  2025-02-12 18:36:43 
NOTE: Elapsed Time: 0.155322074890137 secs 

3179 

NOTE: Log Print Time:  2025-02-12 18:37:11 
NOTE: Elapsed Time: 27.6969549655914 secs 

All species must have at least 2861 genes 

NOTE: Log Print Time:  2025-02-12 18:37:11 
NOTE: Elapsed Time: 0.000375032424926758 secs 

Removed species: 

NOTE: Log Print Time:  2025-02-12 18:37:11 
NOTE: Elapsed Time: 0.00179004669189453 secs 

Created files: nearly.universal.90.iter_7_Cebus_capucinus_imitator.percent.90ssp.treshold.csv and Total.counts.iter_7_Cebus_capucinus_imitator.45spp.csv 

NOTE: Log Print Time:  2025-02-12 18:37:11 
NOTE: Elapsed Time: 0.177254915237427 secs 

Created file: Filtered.GeneNum.iter_7_Cebus_capucinus_imitator.cEi_log10MLSP.csv 

NOTE: Log Print Time:  2025-02-12 18:37:11 
NOTE: Elapsed Time: 0.14167308807373 secs 

3147 

NOTE: Log Print Time:  2025-02-12 18:37:44 
NOTE: Elapsed Time: 32.260999917984 secs 

All species must have at least 2832 genes 

NOTE: Log Print Time:  2025-02-12 18:37:44 
NOTE: Elapsed Time: 0.000370979309082031 secs 

Removed species: 

NOTE: Log Print Time:  2025-02-12 18:37:44 
NOTE: Elapsed Time: 0.00119805335998535 secs 

Created files: nearly.universal.90.iter_8_Chinchilla_lanigera.percent.90ssp.treshold.csv and Total.counts.iter_8_Chinchilla_lanigera.45spp.csv 

NOTE: Log Print Time:  2025-02-12 18:37:44 
NOTE: Elapsed Time: 0.19724702835083 secs 

Created file: Filtered.GeneNum.iter_8_Chinchilla_lanigera.cEi_log10MLSP.csv 

NOTE: Log Print Time:  2025-02-12 18:37:44 
NOTE: Elapsed Time: 0.135756969451904 secs 

3151 

NOTE: Log Print Time:  2025-02-12 18:38:11 
NOTE: Elapsed Time: 26.9302208423615 secs 

All species must have at least 2836 genes 

NOTE: Log Print Time:  2025-02-12 18:38:11 
NOTE: Elapsed Time: 0.000332117080688477 secs 

Removed species: 

NOTE: Log Print Time:  2025-02-12 18:38:11 
NOTE: Elapsed Time: 0.000821113586425781 secs 

Created files: nearly.universal.90.iter_9_Colobus_angolensis_palliatus.percent.90ssp.treshold.csv and Total.counts.iter_9_Colobus_angolensis_palliatus.45spp.csv 

NOTE: Log Print Time:  2025-02-12 18:38:11 
NOTE: Elapsed Time: 0.157808780670166 secs 

Created file: Filtered.GeneNum.iter_9_Colobus_angolensis_palliatus.cEi_log10MLSP.csv 

NOTE: Log Print Time:  2025-02-12 18:38:11 
NOTE: Elapsed Time: 0.141928195953369 secs 

3248 

NOTE: Log Print Time:  2025-02-12 18:38:38 
NOTE: Elapsed Time: 27.1735517978668 secs 

All species must have at least 2923 genes 

NOTE: Log Print Time:  2025-02-12 18:38:38 
NOTE: Elapsed Time: 0.000426054000854492 secs 

Removed species: 

NOTE: Log Print Time:  2025-02-12 18:38:38 
NOTE: Elapsed Time: 0.000986099243164062 secs 

Created files: nearly.universal.90.iter_10_Dasypus_novemcinctus.percent.90ssp.treshold.csv and Total.counts.iter_10_Dasypus_novemcinctus.45spp.csv 

NOTE: Log Print Time:  2025-02-12 18:38:39 
NOTE: Elapsed Time: 0.201961040496826 secs 

Created file: Filtered.GeneNum.iter_10_Dasypus_novemcinctus.cEi_log10MLSP.csv 

NOTE: Log Print Time:  2025-02-12 18:38:39 
NOTE: Elapsed Time: 0.155906915664673 secs 

3164 

NOTE: Log Print Time:  2025-02-12 18:39:05 
NOTE: Elapsed Time: 26.4798140525818 secs 

All species must have at least 2848 genes 

NOTE: Log Print Time:  2025-02-12 18:39:05 
NOTE: Elapsed Time: 0.000318050384521484 secs 

Removed species: 

NOTE: Log Print Time:  2025-02-12 18:39:05 
NOTE: Elapsed Time: 0.000857830047607422 secs 

Created files: nearly.universal.90.iter_11_Equus_asinus_asinus.percent.90ssp.treshold.csv and Total.counts.iter_11_Equus_asinus_asinus.45spp.csv 

NOTE: Log Print Time:  2025-02-12 18:39:05 
NOTE: Elapsed Time: 0.135879993438721 secs 

Created file: Filtered.GeneNum.iter_11_Equus_asinus_asinus.cEi_log10MLSP.csv 

NOTE: Log Print Time:  2025-02-12 18:39:06 
NOTE: Elapsed Time: 0.208609104156494 secs 

3154 

NOTE: Log Print Time:  2025-02-12 18:39:32 
NOTE: Elapsed Time: 26.8363790512085 secs 

All species must have at least 2839 genes 

NOTE: Log Print Time:  2025-02-12 18:39:32 
NOTE: Elapsed Time: 0.000365018844604492 secs 

Removed species: 

NOTE: Log Print Time:  2025-02-12 18:39:32 
NOTE: Elapsed Time: 0.000892877578735352 secs 

Created files: nearly.universal.90.iter_12_Equus_caballus.percent.90ssp.treshold.csv and Total.counts.iter_12_Equus_caballus.45spp.csv 

NOTE: Log Print Time:  2025-02-12 18:39:33 
NOTE: Elapsed Time: 0.13667893409729 secs 

Created file: Filtered.GeneNum.iter_12_Equus_caballus.cEi_log10MLSP.csv 

NOTE: Log Print Time:  2025-02-12 18:39:33 
NOTE: Elapsed Time: 0.133504152297974 secs 

3141 

NOTE: Log Print Time:  2025-02-12 18:40:00 
NOTE: Elapsed Time: 27.5778110027313 secs 

All species must have at least 2827 genes 

NOTE: Log Print Time:  2025-02-12 18:40:00 
NOTE: Elapsed Time: 0.000330924987792969 secs 

Removed species: 

NOTE: Log Print Time:  2025-02-12 18:40:00 
NOTE: Elapsed Time: 0.000844001770019531 secs 

Created files: nearly.universal.90.iter_13_Felis_catus.percent.90ssp.treshold.csv and Total.counts.iter_13_Felis_catus.45spp.csv 

NOTE: Log Print Time:  2025-02-12 18:40:00 
NOTE: Elapsed Time: 0.178628921508789 secs 

Created file: Filtered.GeneNum.iter_13_Felis_catus.cEi_log10MLSP.csv 

NOTE: Log Print Time:  2025-02-12 18:40:01 
NOTE: Elapsed Time: 0.135879039764404 secs 

3159 

NOTE: Log Print Time:  2025-02-12 18:40:28 
NOTE: Elapsed Time: 27.0508100986481 secs 

All species must have at least 2843 genes 

NOTE: Log Print Time:  2025-02-12 18:40:28 
NOTE: Elapsed Time: 0.000326871871948242 secs 

Removed species: 

NOTE: Log Print Time:  2025-02-12 18:40:28 
NOTE: Elapsed Time: 0.000818014144897461 secs 

Created files: nearly.universal.90.iter_14_Gorilla_gorilla.percent.90ssp.treshold.csv and Total.counts.iter_14_Gorilla_gorilla.45spp.csv 

NOTE: Log Print Time:  2025-02-12 18:40:28 
NOTE: Elapsed Time: 0.15733003616333 secs 

Created file: Filtered.GeneNum.iter_14_Gorilla_gorilla.cEi_log10MLSP.csv 

NOTE: Log Print Time:  2025-02-12 18:40:28 
NOTE: Elapsed Time: 0.231259107589722 secs 

3257 

NOTE: Log Print Time:  2025-02-12 18:40:55 
NOTE: Elapsed Time: 26.7511148452759 secs 

All species must have at least 2931 genes 

NOTE: Log Print Time:  2025-02-12 18:40:55 
NOTE: Elapsed Time: 0.000357151031494141 secs 

Removed species: 

NOTE: Log Print Time:  2025-02-12 18:40:55 
NOTE: Elapsed Time: 0.00102496147155762 secs 

Created files: nearly.universal.90.iter_15_Heterocephalus_glaber.percent.90ssp.treshold.csv and Total.counts.iter_15_Heterocephalus_glaber.45spp.csv 

NOTE: Log Print Time:  2025-02-12 18:40:55 
NOTE: Elapsed Time: 0.138025045394897 secs 

Created file: Filtered.GeneNum.iter_15_Heterocephalus_glaber.cEi_log10MLSP.csv 

NOTE: Log Print Time:  2025-02-12 18:40:55 
NOTE: Elapsed Time: 0.13756799697876 secs 

3358 

NOTE: Log Print Time:  2025-02-12 18:41:21 
NOTE: Elapsed Time: 25.6996760368347 secs 

All species must have at least 3022 genes 

NOTE: Log Print Time:  2025-02-12 18:41:21 
NOTE: Elapsed Time: 0.000295877456665039 secs 

Removed species: 

NOTE: Log Print Time:  2025-02-12 18:41:21 
NOTE: Elapsed Time: 0.000880956649780273 secs 

Created files: nearly.universal.90.iter_16_Homo_sapiens.percent.90ssp.treshold.csv and Total.counts.iter_16_Homo_sapiens.45spp.csv 

NOTE: Log Print Time:  2025-02-12 18:41:21 
NOTE: Elapsed Time: 0.136435985565186 secs 

Created file: Filtered.GeneNum.iter_16_Homo_sapiens.cEi_log10MLSP.csv 

NOTE: Log Print Time:  2025-02-12 18:41:21 
NOTE: Elapsed Time: 0.127673149108887 secs 

3167 

NOTE: Log Print Time:  2025-02-12 18:41:47 
NOTE: Elapsed Time: 25.6170768737793 secs 

All species must have at least 2850 genes 

NOTE: Log Print Time:  2025-02-12 18:41:47 
NOTE: Elapsed Time: 0.000303030014038086 secs 

Removed species: 

NOTE: Log Print Time:  2025-02-12 18:41:47 
NOTE: Elapsed Time: 0.000835895538330078 secs 

Created files: nearly.universal.90.iter_17_Ictidomys_tridecemlineatus.percent.90ssp.treshold.csv and Total.counts.iter_17_Ictidomys_tridecemlineatus.45spp.csv 

NOTE: Log Print Time:  2025-02-12 18:41:47 
NOTE: Elapsed Time: 0.135184049606323 secs 

Created file: Filtered.GeneNum.iter_17_Ictidomys_tridecemlineatus.cEi_log10MLSP.csv 

NOTE: Log Print Time:  2025-02-12 18:41:47 
NOTE: Elapsed Time: 0.129687070846558 secs 

3184 

NOTE: Log Print Time:  2025-02-12 18:42:13 
NOTE: Elapsed Time: 26.5634379386902 secs 

All species must have at least 2866 genes 

NOTE: Log Print Time:  2025-02-12 18:42:13 
NOTE: Elapsed Time: 0.000339031219482422 secs 

Removed species: 

NOTE: Log Print Time:  2025-02-12 18:42:13 
NOTE: Elapsed Time: 0.000898122787475586 secs 

Created files: nearly.universal.90.iter_18_Loxodonta_africana.percent.90ssp.treshold.csv and Total.counts.iter_18_Loxodonta_africana.45spp.csv 

NOTE: Log Print Time:  2025-02-12 18:42:14 
NOTE: Elapsed Time: 0.160147905349731 secs 

Created file: Filtered.GeneNum.iter_18_Loxodonta_africana.cEi_log10MLSP.csv 

NOTE: Log Print Time:  2025-02-12 18:42:14 
NOTE: Elapsed Time: 0.13834810256958 secs 

3127 

NOTE: Log Print Time:  2025-02-12 18:42:40 
NOTE: Elapsed Time: 26.6957337856293 secs 

All species must have at least 2814 genes 

NOTE: Log Print Time:  2025-02-12 18:42:40 
NOTE: Elapsed Time: 0.00036311149597168 secs 

Removed species: 

NOTE: Log Print Time:  2025-02-12 18:42:40 
NOTE: Elapsed Time: 0.000916004180908203 secs 

Created files: nearly.universal.90.iter_19_Macaca_fascicularis.percent.90ssp.treshold.csv and Total.counts.iter_19_Macaca_fascicularis.45spp.csv 

NOTE: Log Print Time:  2025-02-12 18:42:41 
NOTE: Elapsed Time: 0.178154945373535 secs 

Created file: Filtered.GeneNum.iter_19_Macaca_fascicularis.cEi_log10MLSP.csv 

NOTE: Log Print Time:  2025-02-12 18:42:41 
NOTE: Elapsed Time: 0.142447948455811 secs 

3145 

NOTE: Log Print Time:  2025-02-12 18:43:08 
NOTE: Elapsed Time: 26.7952420711517 secs 

All species must have at least 2830 genes 

NOTE: Log Print Time:  2025-02-12 18:43:08 
NOTE: Elapsed Time: 0.00035405158996582 secs 

Removed species: 

NOTE: Log Print Time:  2025-02-12 18:43:08 
NOTE: Elapsed Time: 0.00085902214050293 secs 

Created files: nearly.universal.90.iter_20_Macaca_mulatta.percent.90ssp.treshold.csv and Total.counts.iter_20_Macaca_mulatta.45spp.csv 

NOTE: Log Print Time:  2025-02-12 18:43:08 
NOTE: Elapsed Time: 0.168355941772461 secs 

Created file: Filtered.GeneNum.iter_20_Macaca_mulatta.cEi_log10MLSP.csv 

NOTE: Log Print Time:  2025-02-12 18:43:08 
NOTE: Elapsed Time: 0.139434099197388 secs 

3127 

NOTE: Log Print Time:  2025-02-12 18:43:34 
NOTE: Elapsed Time: 26.5848100185394 secs 

All species must have at least 2814 genes 

NOTE: Log Print Time:  2025-02-12 18:43:34 
NOTE: Elapsed Time: 0.000296831130981445 secs 

Removed species: 

NOTE: Log Print Time:  2025-02-12 18:43:34 
NOTE: Elapsed Time: 0.000854969024658203 secs 

Created files: nearly.universal.90.iter_21_Macaca_nemestrina.percent.90ssp.treshold.csv and Total.counts.iter_21_Macaca_nemestrina.45spp.csv 

NOTE: Log Print Time:  2025-02-12 18:43:35 
NOTE: Elapsed Time: 0.160253047943115 secs 

Created file: Filtered.GeneNum.iter_21_Macaca_nemestrina.cEi_log10MLSP.csv 

NOTE: Log Print Time:  2025-02-12 18:43:35 
NOTE: Elapsed Time: 0.141736030578613 secs 

3355 

NOTE: Log Print Time:  2025-02-12 18:44:01 
NOTE: Elapsed Time: 26.5801689624786 secs 

All species must have at least 3020 genes 

NOTE: Log Print Time:  2025-02-12 18:44:01 
NOTE: Elapsed Time: 0.000323057174682617 secs 

Removed species: 

NOTE: Log Print Time:  2025-02-12 18:44:01 
NOTE: Elapsed Time: 0.000834941864013672 secs 

Created files: nearly.universal.90.iter_22_Meriones_unguiculatus.percent.90ssp.treshold.csv and Total.counts.iter_22_Meriones_unguiculatus.45spp.csv 

NOTE: Log Print Time:  2025-02-12 18:44:01 
NOTE: Elapsed Time: 0.158437013626099 secs 

Created file: Filtered.GeneNum.iter_22_Meriones_unguiculatus.cEi_log10MLSP.csv 

NOTE: Log Print Time:  2025-02-12 18:44:02 
NOTE: Elapsed Time: 0.131091117858887 secs 

3168 

NOTE: Log Print Time:  2025-02-12 18:44:28 
NOTE: Elapsed Time: 25.9475719928741 secs 

All species must have at least 2851 genes 

NOTE: Log Print Time:  2025-02-12 18:44:28 
NOTE: Elapsed Time: 0.000334978103637695 secs 

Removed species: 

NOTE: Log Print Time:  2025-02-12 18:44:28 
NOTE: Elapsed Time: 0.000862836837768555 secs 

Created files: nearly.universal.90.iter_23_Microcebus_murinus.percent.90ssp.treshold.csv and Total.counts.iter_23_Microcebus_murinus.45spp.csv 

NOTE: Log Print Time:  2025-02-12 18:44:28 
NOTE: Elapsed Time: 0.155376195907593 secs 

Created file: Filtered.GeneNum.iter_23_Microcebus_murinus.cEi_log10MLSP.csv 

NOTE: Log Print Time:  2025-02-12 18:44:28 
NOTE: Elapsed Time: 0.195986032485962 secs 

3161 

NOTE: Log Print Time:  2025-02-12 18:44:55 
NOTE: Elapsed Time: 26.9577128887177 secs 

All species must have at least 2845 genes 

NOTE: Log Print Time:  2025-02-12 18:44:55 
NOTE: Elapsed Time: 0.000307083129882812 secs 

Removed species: 

NOTE: Log Print Time:  2025-02-12 18:44:55 
NOTE: Elapsed Time: 0.00079798698425293 secs 

Created files: nearly.universal.90.iter_24_Microtus_ochrogaster.percent.90ssp.treshold.csv and Total.counts.iter_24_Microtus_ochrogaster.45spp.csv 

NOTE: Log Print Time:  2025-02-12 18:44:55 
NOTE: Elapsed Time: 0.154949903488159 secs 

Created file: Filtered.GeneNum.iter_24_Microtus_ochrogaster.cEi_log10MLSP.csv 

NOTE: Log Print Time:  2025-02-12 18:44:55 
NOTE: Elapsed Time: 0.133671998977661 secs 

3223 

NOTE: Log Print Time:  2025-02-12 18:45:22 
NOTE: Elapsed Time: 26.4629211425781 secs 

All species must have at least 2901 genes 

NOTE: Log Print Time:  2025-02-12 18:45:22 
NOTE: Elapsed Time: 0.000304937362670898 secs 

Removed species: 

NOTE: Log Print Time:  2025-02-12 18:45:22 
NOTE: Elapsed Time: 0.00079798698425293 secs 

Created files: nearly.universal.90.iter_25_Monodelphis_domestica.percent.90ssp.treshold.csv and Total.counts.iter_25_Monodelphis_domestica.45spp.csv 

NOTE: Log Print Time:  2025-02-12 18:45:22 
NOTE: Elapsed Time: 0.158721923828125 secs 

Created file: Filtered.GeneNum.iter_25_Monodelphis_domestica.cEi_log10MLSP.csv 

NOTE: Log Print Time:  2025-02-12 18:45:22 
NOTE: Elapsed Time: 0.133310079574585 secs 

3189 

NOTE: Log Print Time:  2025-02-12 18:45:48 
NOTE: Elapsed Time: 26.4247570037842 secs 

All species must have at least 2870 genes 

NOTE: Log Print Time:  2025-02-12 18:45:48 
NOTE: Elapsed Time: 0.000326871871948242 secs 

Removed species: 

NOTE: Log Print Time:  2025-02-12 18:45:48 
NOTE: Elapsed Time: 0.000941991806030273 secs 

Created files: nearly.universal.90.iter_26_Mus_musculus.percent.90ssp.treshold.csv and Total.counts.iter_26_Mus_musculus.45spp.csv 

NOTE: Log Print Time:  2025-02-12 18:45:49 
NOTE: Elapsed Time: 0.163165092468262 secs 

Created file: Filtered.GeneNum.iter_26_Mus_musculus.cEi_log10MLSP.csv 

NOTE: Log Print Time:  2025-02-12 18:45:49 
NOTE: Elapsed Time: 0.135508060455322 secs 

3173 

NOTE: Log Print Time:  2025-02-12 18:46:15 
NOTE: Elapsed Time: 26.7001059055328 secs 

All species must have at least 2856 genes 

NOTE: Log Print Time:  2025-02-12 18:46:15 
NOTE: Elapsed Time: 0.000309944152832031 secs 

Removed species: 

NOTE: Log Print Time:  2025-02-12 18:46:15 
NOTE: Elapsed Time: 0.000856161117553711 secs 

Created files: nearly.universal.90.iter_27_Mustela_putorius_furo.percent.90ssp.treshold.csv and Total.counts.iter_27_Mustela_putorius_furo.45spp.csv 

NOTE: Log Print Time:  2025-02-12 18:46:16 
NOTE: Elapsed Time: 0.160727977752686 secs 

Created file: Filtered.GeneNum.iter_27_Mustela_putorius_furo.cEi_log10MLSP.csv 

NOTE: Log Print Time:  2025-02-12 18:46:16 
NOTE: Elapsed Time: 0.250221967697144 secs 

3267 

NOTE: Log Print Time:  2025-02-12 18:46:42 
NOTE: Elapsed Time: 26.5744049549103 secs 

All species must have at least 2940 genes 

NOTE: Log Print Time:  2025-02-12 18:46:42 
NOTE: Elapsed Time: 0.000486135482788086 secs 

Removed species: 

NOTE: Log Print Time:  2025-02-12 18:46:42 
NOTE: Elapsed Time: 0.000877857208251953 secs 

Created files: nearly.universal.90.iter_28_Myotis_lucifugus.percent.90ssp.treshold.csv and Total.counts.iter_28_Myotis_lucifugus.45spp.csv 

NOTE: Log Print Time:  2025-02-12 18:46:42 
NOTE: Elapsed Time: 0.159454107284546 secs 

Created file: Filtered.GeneNum.iter_28_Myotis_lucifugus.cEi_log10MLSP.csv 

NOTE: Log Print Time:  2025-02-12 18:46:43 
NOTE: Elapsed Time: 0.131139039993286 secs 

3155 

NOTE: Log Print Time:  2025-02-12 18:47:09 
NOTE: Elapsed Time: 26.1740119457245 secs 

All species must have at least 2840 genes 

NOTE: Log Print Time:  2025-02-12 18:47:09 
NOTE: Elapsed Time: 0.000356912612915039 secs 

Removed species: 

NOTE: Log Print Time:  2025-02-12 18:47:09 
NOTE: Elapsed Time: 0.000885963439941406 secs 

Created files: nearly.universal.90.iter_29_Neovison_vison.percent.90ssp.treshold.csv and Total.counts.iter_29_Neovison_vison.45spp.csv 

NOTE: Log Print Time:  2025-02-12 18:47:09 
NOTE: Elapsed Time: 0.155608177185059 secs 

Created file: Filtered.GeneNum.iter_29_Neovison_vison.cEi_log10MLSP.csv 

NOTE: Log Print Time:  2025-02-12 18:47:09 
NOTE: Elapsed Time: 0.128384828567505 secs 

3153 

NOTE: Log Print Time:  2025-02-12 18:47:36 
NOTE: Elapsed Time: 26.7139430046082 secs 

All species must have at least 2838 genes 

NOTE: Log Print Time:  2025-02-12 18:47:36 
NOTE: Elapsed Time: 0.000586032867431641 secs 

Removed species: 

NOTE: Log Print Time:  2025-02-12 18:47:36 
NOTE: Elapsed Time: 0.00094294548034668 secs 

Created files: nearly.universal.90.iter_30_Nomascus_leucogenys.percent.90ssp.treshold.csv and Total.counts.iter_30_Nomascus_leucogenys.45spp.csv 

NOTE: Log Print Time:  2025-02-12 18:47:36 
NOTE: Elapsed Time: 0.254987955093384 secs 

Created file: Filtered.GeneNum.iter_30_Nomascus_leucogenys.cEi_log10MLSP.csv 

NOTE: Log Print Time:  2025-02-12 18:47:36 
NOTE: Elapsed Time: 0.200303077697754 secs 

3223 

NOTE: Log Print Time:  2025-02-12 18:48:03 
NOTE: Elapsed Time: 26.4533500671387 secs 

All species must have at least 2901 genes 

NOTE: Log Print Time:  2025-02-12 18:48:03 
NOTE: Elapsed Time: 0.000370979309082031 secs 

Removed species: 

NOTE: Log Print Time:  2025-02-12 18:48:03 
NOTE: Elapsed Time: 0.000900983810424805 secs 

Created files: nearly.universal.90.iter_31_Octodon_degus.percent.90ssp.treshold.csv and Total.counts.iter_31_Octodon_degus.45spp.csv 

NOTE: Log Print Time:  2025-02-12 18:48:03 
NOTE: Elapsed Time: 0.157041072845459 secs 

Created file: Filtered.GeneNum.iter_31_Octodon_degus.cEi_log10MLSP.csv 

NOTE: Log Print Time:  2025-02-12 18:48:03 
NOTE: Elapsed Time: 0.130596876144409 secs 

3211 

NOTE: Log Print Time:  2025-02-12 18:48:29 
NOTE: Elapsed Time: 26.1110169887543 secs 

All species must have at least 2890 genes 

NOTE: Log Print Time:  2025-02-12 18:48:29 
NOTE: Elapsed Time: 0.000382184982299805 secs 

Removed species: 

NOTE: Log Print Time:  2025-02-12 18:48:29 
NOTE: Elapsed Time: 0.000871896743774414 secs 

Created files: nearly.universal.90.iter_32_Oryctolagus_cuniculus.percent.90ssp.treshold.csv and Total.counts.iter_32_Oryctolagus_cuniculus.45spp.csv 

NOTE: Log Print Time:  2025-02-12 18:48:29 
NOTE: Elapsed Time: 0.135318040847778 secs 

Created file: Filtered.GeneNum.iter_32_Oryctolagus_cuniculus.cEi_log10MLSP.csv 

NOTE: Log Print Time:  2025-02-12 18:48:29 
NOTE: Elapsed Time: 0.158556938171387 secs 

3165 

NOTE: Log Print Time:  2025-02-12 18:48:56 
NOTE: Elapsed Time: 26.3249659538269 secs 

All species must have at least 2848 genes 

NOTE: Log Print Time:  2025-02-12 18:48:56 
NOTE: Elapsed Time: 0.000375986099243164 secs 

Removed species: 

NOTE: Log Print Time:  2025-02-12 18:48:56 
NOTE: Elapsed Time: 0.00086212158203125 secs 

Created files: nearly.universal.90.iter_33_Otolemur_garnettii.percent.90ssp.treshold.csv and Total.counts.iter_33_Otolemur_garnettii.45spp.csv 

NOTE: Log Print Time:  2025-02-12 18:48:56 
NOTE: Elapsed Time: 0.136843919754028 secs 

Created file: Filtered.GeneNum.iter_33_Otolemur_garnettii.cEi_log10MLSP.csv 

NOTE: Log Print Time:  2025-02-12 18:48:56 
NOTE: Elapsed Time: 0.150334119796753 secs 

3199 

NOTE: Log Print Time:  2025-02-12 18:49:23 
NOTE: Elapsed Time: 26.7716298103333 secs 

All species must have at least 2879 genes 

NOTE: Log Print Time:  2025-02-12 18:49:23 
NOTE: Elapsed Time: 0.000339984893798828 secs 

Removed species: 

NOTE: Log Print Time:  2025-02-12 18:49:23 
NOTE: Elapsed Time: 0.000803232192993164 secs 

Created files: nearly.universal.90.iter_34_Ovis_aries.percent.90ssp.treshold.csv and Total.counts.iter_34_Ovis_aries.45spp.csv 

NOTE: Log Print Time:  2025-02-12 18:49:23 
NOTE: Elapsed Time: 0.137021780014038 secs 

Created file: Filtered.GeneNum.iter_34_Ovis_aries.cEi_log10MLSP.csv 

NOTE: Log Print Time:  2025-02-12 18:49:23 
NOTE: Elapsed Time: 0.150949001312256 secs 

3135 

NOTE: Log Print Time:  2025-02-12 18:49:51 
NOTE: Elapsed Time: 28.3548381328583 secs 

All species must have at least 2822 genes 

NOTE: Log Print Time:  2025-02-12 18:49:51 
NOTE: Elapsed Time: 0.000725030899047852 secs 

Removed species: 

NOTE: Log Print Time:  2025-02-12 18:49:51 
NOTE: Elapsed Time: 0.000972986221313477 secs 

Created files: nearly.universal.90.iter_35_Pan_paniscus.percent.90ssp.treshold.csv and Total.counts.iter_35_Pan_paniscus.45spp.csv 

NOTE: Log Print Time:  2025-02-12 18:49:52 
NOTE: Elapsed Time: 0.134955883026123 secs 

Created file: Filtered.GeneNum.iter_35_Pan_paniscus.cEi_log10MLSP.csv 

NOTE: Log Print Time:  2025-02-12 18:49:52 
NOTE: Elapsed Time: 0.17248010635376 secs 

3249 

NOTE: Log Print Time:  2025-02-12 18:50:20 
NOTE: Elapsed Time: 28.441456079483 secs 

All species must have at least 2924 genes 

NOTE: Log Print Time:  2025-02-12 18:50:20 
NOTE: Elapsed Time: 0.000636816024780273 secs 

Removed species: 

NOTE: Log Print Time:  2025-02-12 18:50:20 
NOTE: Elapsed Time: 0.00102114677429199 secs 

Created files: nearly.universal.90.iter_36_Pan_troglodytes.percent.90ssp.treshold.csv and Total.counts.iter_36_Pan_troglodytes.45spp.csv 

NOTE: Log Print Time:  2025-02-12 18:50:20 
NOTE: Elapsed Time: 0.148540019989014 secs 

Created file: Filtered.GeneNum.iter_36_Pan_troglodytes.cEi_log10MLSP.csv 

NOTE: Log Print Time:  2025-02-12 18:50:21 
NOTE: Elapsed Time: 0.201830863952637 secs 

3165 

NOTE: Log Print Time:  2025-02-12 18:50:51 
NOTE: Elapsed Time: 30.0890491008759 secs 

All species must have at least 2848 genes 

NOTE: Log Print Time:  2025-02-12 18:50:51 
NOTE: Elapsed Time: 0.000310897827148438 secs 

Removed species: 

NOTE: Log Print Time:  2025-02-12 18:50:51 
NOTE: Elapsed Time: 0.000864982604980469 secs 

Created files: nearly.universal.90.iter_37_Panthera_pardus.percent.90ssp.treshold.csv and Total.counts.iter_37_Panthera_pardus.45spp.csv 

NOTE: Log Print Time:  2025-02-12 18:50:51 
NOTE: Elapsed Time: 0.140594005584717 secs 

Created file: Filtered.GeneNum.iter_37_Panthera_pardus.cEi_log10MLSP.csv 

NOTE: Log Print Time:  2025-02-12 18:50:51 
NOTE: Elapsed Time: 0.131021976470947 secs 

3127 

NOTE: Log Print Time:  2025-02-12 18:51:18 
NOTE: Elapsed Time: 27.0822930335999 secs 

All species must have at least 2814 genes 

NOTE: Log Print Time:  2025-02-12 18:51:18 
NOTE: Elapsed Time: 0.000533103942871094 secs 

Removed species: 

NOTE: Log Print Time:  2025-02-12 18:51:18 
NOTE: Elapsed Time: 0.000958919525146484 secs 

Created files: nearly.universal.90.iter_38_Papio_anubis.percent.90ssp.treshold.csv and Total.counts.iter_38_Papio_anubis.45spp.csv 

NOTE: Log Print Time:  2025-02-12 18:51:18 
NOTE: Elapsed Time: 0.137809991836548 secs 

Created file: Filtered.GeneNum.iter_38_Papio_anubis.cEi_log10MLSP.csv 

NOTE: Log Print Time:  2025-02-12 18:51:18 
NOTE: Elapsed Time: 0.136213064193726 secs 

3168 

NOTE: Log Print Time:  2025-02-12 18:51:45 
NOTE: Elapsed Time: 26.8899409770966 secs 

All species must have at least 2851 genes 

NOTE: Log Print Time:  2025-02-12 18:51:45 
NOTE: Elapsed Time: 0.000335931777954102 secs 

Removed species: 

NOTE: Log Print Time:  2025-02-12 18:51:45 
NOTE: Elapsed Time: 0.000911951065063477 secs 

Created files: nearly.universal.90.iter_39_Peromyscus_maniculatus_bairdii.percent.90ssp.treshold.csv and Total.counts.iter_39_Peromyscus_maniculatus_bairdii.45spp.csv 

NOTE: Log Print Time:  2025-02-12 18:51:45 
NOTE: Elapsed Time: 0.138641119003296 secs 

Created file: Filtered.GeneNum.iter_39_Peromyscus_maniculatus_bairdii.cEi_log10MLSP.csv 

NOTE: Log Print Time:  2025-02-12 18:51:45 
NOTE: Elapsed Time: 0.135808944702148 secs 

3200 

NOTE: Log Print Time:  2025-02-12 18:52:12 
NOTE: Elapsed Time: 26.7112801074982 secs 

All species must have at least 2880 genes 

NOTE: Log Print Time:  2025-02-12 18:52:12 
NOTE: Elapsed Time: 0.000363826751708984 secs 

Removed species: 

NOTE: Log Print Time:  2025-02-12 18:52:12 
NOTE: Elapsed Time: 0.000831127166748047 secs 

Created files: nearly.universal.90.iter_40_Phascolarctos_cinereus.percent.90ssp.treshold.csv and Total.counts.iter_40_Phascolarctos_cinereus.45spp.csv 

NOTE: Log Print Time:  2025-02-12 18:52:12 
NOTE: Elapsed Time: 0.135456085205078 secs 

Created file: Filtered.GeneNum.iter_40_Phascolarctos_cinereus.cEi_log10MLSP.csv 

NOTE: Log Print Time:  2025-02-12 18:52:12 
NOTE: Elapsed Time: 0.134056806564331 secs 

3222 

NOTE: Log Print Time:  2025-02-12 18:52:39 
NOTE: Elapsed Time: 26.8060741424561 secs 

All species must have at least 2900 genes 

NOTE: Log Print Time:  2025-02-12 18:52:39 
NOTE: Elapsed Time: 0.000320911407470703 secs 

Removed species: 

NOTE: Log Print Time:  2025-02-12 18:52:39 
NOTE: Elapsed Time: 0.000852108001708984 secs 

Created files: nearly.universal.90.iter_41_Rattus_norvegicus.percent.90ssp.treshold.csv and Total.counts.iter_41_Rattus_norvegicus.45spp.csv 

NOTE: Log Print Time:  2025-02-12 18:52:39 
NOTE: Elapsed Time: 0.13785982131958 secs 

Created file: Filtered.GeneNum.iter_41_Rattus_norvegicus.cEi_log10MLSP.csv 

NOTE: Log Print Time:  2025-02-12 18:52:39 
NOTE: Elapsed Time: 0.129657030105591 secs 

3152 

NOTE: Log Print Time:  2025-02-12 18:53:06 
NOTE: Elapsed Time: 26.4554879665375 secs 

All species must have at least 2837 genes 

NOTE: Log Print Time:  2025-02-12 18:53:06 
NOTE: Elapsed Time: 0.000637054443359375 secs 

Removed species: 

NOTE: Log Print Time:  2025-02-12 18:53:06 
NOTE: Elapsed Time: 0.000837087631225586 secs 

Created files: nearly.universal.90.iter_42_Saimiri_boliviensis_boliviensis.percent.90ssp.treshold.csv and Total.counts.iter_42_Saimiri_boliviensis_boliviensis.45spp.csv 

NOTE: Log Print Time:  2025-02-12 18:53:06 
NOTE: Elapsed Time: 0.136074066162109 secs 

Created file: Filtered.GeneNum.iter_42_Saimiri_boliviensis_boliviensis.cEi_log10MLSP.csv 

NOTE: Log Print Time:  2025-02-12 18:53:06 
NOTE: Elapsed Time: 0.132217884063721 secs 

3146 

NOTE: Log Print Time:  2025-02-12 18:53:33 
NOTE: Elapsed Time: 26.6338651180267 secs 

All species must have at least 2831 genes 

NOTE: Log Print Time:  2025-02-12 18:53:33 
NOTE: Elapsed Time: 0.000332832336425781 secs 

Removed species: 

NOTE: Log Print Time:  2025-02-12 18:53:33 
NOTE: Elapsed Time: 0.000838041305541992 secs 

Created files: nearly.universal.90.iter_43_Sus_scrofa.percent.90ssp.treshold.csv and Total.counts.iter_43_Sus_scrofa.45spp.csv 

NOTE: Log Print Time:  2025-02-12 18:53:33 
NOTE: Elapsed Time: 0.137650966644287 secs 

Created file: Filtered.GeneNum.iter_43_Sus_scrofa.cEi_log10MLSP.csv 

NOTE: Log Print Time:  2025-02-12 18:53:33 
NOTE: Elapsed Time: 0.132687091827393 secs 

3158 

NOTE: Log Print Time:  2025-02-12 18:54:00 
NOTE: Elapsed Time: 26.7889630794525 secs 

All species must have at least 2842 genes 

NOTE: Log Print Time:  2025-02-12 18:54:00 
NOTE: Elapsed Time: 0.000340938568115234 secs 

Removed species: 

NOTE: Log Print Time:  2025-02-12 18:54:00 
NOTE: Elapsed Time: 0.000821828842163086 secs 

Created files: nearly.universal.90.iter_44_Tursiops_truncatus.percent.90ssp.treshold.csv and Total.counts.iter_44_Tursiops_truncatus.45spp.csv 

NOTE: Log Print Time:  2025-02-12 18:54:00 
NOTE: Elapsed Time: 0.138148069381714 secs 

Created file: Filtered.GeneNum.iter_44_Tursiops_truncatus.cEi_log10MLSP.csv 

NOTE: Log Print Time:  2025-02-12 18:54:00 
NOTE: Elapsed Time: 0.128832101821899 secs 

3465 

NOTE: Log Print Time:  2025-02-12 18:54:27 
NOTE: Elapsed Time: 27.1256659030914 secs 

All species must have at least 3118 genes 

NOTE: Log Print Time:  2025-02-12 18:54:27 
NOTE: Elapsed Time: 0.000371932983398438 secs 

Removed species: 

NOTE: Log Print Time:  2025-02-12 18:54:27 
NOTE: Elapsed Time: 0.000894069671630859 secs 

Created files: nearly.universal.90.iter_45_Vombatus_ursinus.percent.90ssp.treshold.csv and Total.counts.iter_45_Vombatus_ursinus.45spp.csv 

NOTE: Log Print Time:  2025-02-12 18:54:28 
NOTE: Elapsed Time: 0.236840963363647 secs 

Created file: Filtered.GeneNum.iter_45_Vombatus_ursinus.cEi_log10MLSP.csv 

NOTE: Log Print Time:  2025-02-12 18:54:28 
NOTE: Elapsed Time: 0.150974988937378 secs 

3164 

NOTE: Log Print Time:  2025-02-12 18:54:54 
NOTE: Elapsed Time: 26.258632183075 secs 

All species must have at least 2848 genes 

NOTE: Log Print Time:  2025-02-12 18:54:54 
NOTE: Elapsed Time: 0.000367879867553711 secs 

Removed species: 

NOTE: Log Print Time:  2025-02-12 18:54:54 
NOTE: Elapsed Time: 0.000900983810424805 secs 

Created files: nearly.universal.90.iter_46_Vulpes_vulpes.percent.90ssp.treshold.csv and Total.counts.iter_46_Vulpes_vulpes.45spp.csv 

NOTE: Log Print Time:  2025-02-12 18:54:54 
NOTE: Elapsed Time: 0.140452146530151 secs 

Created file: Filtered.GeneNum.iter_46_Vulpes_vulpes.cEi_log10MLSP.csv 

NOTE: Log Print Time:  2025-02-12 18:54:54 
NOTE: Elapsed Time: 0.140661001205444 secs 

#### Systematic Leave-One-Out Analysis Completed #### 

3120 

NOTE: Log Print Time:  2025-02-12 19:20:06 
NOTE: Elapsed Time: 25.1992934306463 mins 

All species must have at least 2808 genes 

NOTE: Log Print Time:  2025-02-12 19:20:06 
NOTE: Elapsed Time: 0.000427007675170898 secs 

Removed species: 

NOTE: Log Print Time:  2025-02-12 19:20:06 
NOTE: Elapsed Time: 0.00107812881469727 secs 

Created files: nearly.universal.90.genomeResults.percent.90ssp.treshold.csv and Total.counts.genomeResults.46spp.csv 

NOTE: Log Print Time:  2025-02-12 19:20:06 
NOTE: Elapsed Time: 0.145321846008301 secs 

Created file: Filtered.GeneNum.traitsResults.cEi_log10MLSP.csv 

NOTE: Log Print Time:  2025-02-12 19:20:26 
NOTE: Elapsed Time: 19.85072016716 secs 

Error in table(trait_results$gene_numbers_filtered) : attempt to make a table with >= 2^31 elements 
========================================================================= 
Log End Time: 2025-02-12 19:22:00 
Log Elapsed Time: 0 00:48:12 
========================================================================= 
