========================================================================= 
Log Path: /Users/lisalisa/Library/CloudStorage/Dropbox/kilili_shared_project/MLSP_GeneFamilySize_project/log/GenefamilySize.MALElongevity.longevity_brainmass.associated.genes.benjamini.correction.log 
Program Path: /Users/lisalisa/Library/CloudStorage/Dropbox/kilili_shared_project/MLSP_GeneFamilySize_project/PGLS_MLSP_bootstrap.R 
Working Directory: /Users/lisalisa/Library/CloudStorage/Dropbox/kilili_shared_project/MLSP_GeneFamilySize_project 
User Name: momo 
R Version: 4.2.3 (2023-03-15) 
Machine: lisalisa-Mac.local arm64 
Operating System: Darwin 24.1.0 Darwin Kernel Version 24.1.0: Thu Oct 10 21:02:45 PDT 2024; root:xnu-11215.41.3~2/RELEASE_ARM64_T8112 
Base Packages: parallel stats graphics grDevices utils datasets methods base 
Other Packages: caper_1.0.3 mvtnorm_1.2-4 MASS_7.3-60.0.1 microbenchmark_1.5.0 reshape_0.8.9 nlme_3.1-164 ape_5.8 ggpubr_0.6.0 ggplot2_3.5.1 dplyr_1.1.4 logr_1.3.8 common_1.1.3 
Log Start Time: 2024-12-16 14:31:06 
========================================================================= 

Warning: closing unused connection 32 (<-localhost:11932) 

NOTE: Log Print Time:  2024-12-16 14:31:24 
NOTE: Elapsed Time: 18.8711938858032 secs 

Warning: closing unused connection 31 (<-localhost:11932) 

NOTE: Log Print Time:  2024-12-16 14:31:24 
NOTE: Elapsed Time: 0.00127291679382324 secs 

Warning: closing unused connection 30 (<-localhost:11932) 

NOTE: Log Print Time:  2024-12-16 14:31:24 
NOTE: Elapsed Time: 0.00107502937316895 secs 

Warning: closing unused connection 29 (<-localhost:11932) 

NOTE: Log Print Time:  2024-12-16 14:31:24 
NOTE: Elapsed Time: 0.000951051712036133 secs 

Warning: closing unused connection 28 (<-localhost:11932) 

NOTE: Log Print Time:  2024-12-16 14:31:24 
NOTE: Elapsed Time: 0.000998020172119141 secs 

Error in checkForRemoteErrors(val) : 5 nodes produced errors; first error: object 'outperm1' not found 
========================================================================= 
Log End Time: 2024-12-16 14:31:25 
Log Elapsed Time: 0 00:00:19 
========================================================================= 
