========================================================================= 
Log Path: /Users/lisalisa/Library/CloudStorage/Dropbox/kilili_shared_project/MLSP_GeneFamilySize_project/log/GenefamilySize.longevity.longevity.associated.genes.benjamini.correction.log 
Working Directory: /Users/lisalisa/Library/CloudStorage/Dropbox/kilili_shared_project/MLSP_GeneFamilySize_project 
User Name: momo 
R Version: 4.2.3 (2023-03-15) 
Machine: 172-26-10-229.eduroam.bath.ac.uk arm64 
Operating System: Darwin 24.3.0 Darwin Kernel Version 24.3.0: Thu Jan 2 20:23:36 PST 2025; root:xnu-11215.81.4~3/RELEASE_ARM64_T8112 
Base Packages: parallel stats graphics grDevices utils datasets methods base 
Other Packages: car_3.1-3 carData_3.0-5 reshape_0.8.9 nlme_3.1-164 ape_5.8 ggpubr_0.6.0 ggplot2_3.5.1 dplyr_1.1.4 logr_1.3.8 common_1.1.3 
Log Start Time: 2025-02-05 17:10:14 
========================================================================= 

3120 

NOTE: Log Print Time:  2025-02-05 17:10:31 
NOTE: Elapsed Time: 16.6571400165558 secs 

All the spp most have at least the number of genes designated by the treshold: 2808 genes 

Which spp or columns were removed? 

You have 46 spp that passed the genome completness filter 

#### Jackpot! Now we have finished the filtering to know if the genomes used are complete #### 

The dataframe gene_numbers was created 

The filtering.90.1 object was created 

File nearly.universal.90.percent.90ssp.treshold.csv was created created 

NOTE: Log Print Time:  2025-02-05 17:10:31 
NOTE: Elapsed Time: 0.0428140163421631 secs 

The file Total.counts.46spp.csv was created 

NOTE: Log Print Time:  2025-02-05 17:10:31 
NOTE: Elapsed Time: 0.206171989440918 secs 

*********************************************************** 

****Spp missing in traits but present in gene.numbers:**** 

*********************************************************** 

character(0)

NOTE: Log Print Time:  2025-02-05 17:10:41 
NOTE: Elapsed Time: 10.1522941589355 secs 

*********************************************************** 

****Spp missing in gene.numbers but present in traits:**** 

*********************************************************** 

character(0)

NOTE: Log Print Time:  2025-02-05 17:10:41 
NOTE: Elapsed Time: 0.00115799903869629 secs 

**************************************************************************** 

Removing the orthogroups (gene families) that have 0 genes in 20% of the spp 

**************************************************************************** 

************************************************************ 

Removing any orthogroupos (gene families) with variance of 0 

************************************************************ 

**************************************************************************** 

Removing orthogroups (gene families) of 1 gene or less present in only 1 spp 

***************************************************************************** 

The file Filtered.GeneNum.log10MLSP.csv was created 

NOTE: Log Print Time:  2025-02-05 17:10:42 
NOTE: Elapsed Time: 0.460652828216553 secs 

You have 4136 gene families to input the PGLS 

