========================================================================= 
Log Path: /Users/lisalisa/Library/CloudStorage/Dropbox/kilili_shared_project/MLSP_GeneFamilySize_project/results/PGLS_1000reps_LOO/log/GenefamilySize.longevity.log10MLSP_RelBrainMass.associated.genes.benjamini.correction.log 
Program Path: /Users/lisalisa/Library/CloudStorage/Dropbox/kilili_shared_project/MLSP_GeneFamilySize_project/PGLSandGFSprep.R 
Working Directory: /Users/lisalisa/Library/CloudStorage/Dropbox/kilili_shared_project/MLSP_GeneFamilySize_project/results/PGLS_1000reps_LOO 
User Name: momo 
R Version: 4.2.3 (2023-03-15) 
Machine: 172-26-45-119.eduroam.bath.ac.uk arm64 
Operating System: Darwin 24.3.0 Darwin Kernel Version 24.3.0: Thu Jan 2 20:23:36 PST 2025; root:xnu-11215.81.4~3/RELEASE_ARM64_T8112 
Base Packages: parallel stats graphics grDevices utils datasets methods base 
Other Packages: reshape_0.8.9 nlme_3.1-164 ape_5.8 ggpubr_0.6.0 ggplot2_3.5.1 logr_1.3.8 common_1.1.3 dplyr_1.1.4 
Log Start Time: 2025-02-12 12:15:16 
========================================================================= 

3120 

NOTE: Log Print Time:  2025-02-12 12:15:23 
NOTE: Elapsed Time: 6.85533690452576 secs 

All the spp most have at least the number of genes designated by the treshold: 2808 genes 

Which spp or columns were removed? 

You have 46 spp that passed the genome completness filter 

#### Jackpot! Now we have finished the filtering to know if the genomes used are complete #### 

The dataframe gene_numbers was created 

The filtering.90.1 object was created 

File nearly.universal.90.percent.90ssp.treshold.csv was created created 

NOTE: Log Print Time:  2025-02-12 12:15:23 
NOTE: Elapsed Time: 0.0432710647583008 secs 

The file Total.counts.46spp.csv was created 

NOTE: Log Print Time:  2025-02-12 12:15:24 
NOTE: Elapsed Time: 0.210506916046143 secs 

*********************************************************** 

****Spp missing in traits but present in gene.numbers:**** 

*********************************************************** 

character(0)

NOTE: Log Print Time:  2025-02-12 12:15:25 
NOTE: Elapsed Time: 1.96799612045288 secs 

*********************************************************** 

****Spp missing in gene.numbers but present in traits:**** 

*********************************************************** 

character(0)

NOTE: Log Print Time:  2025-02-12 12:15:25 
NOTE: Elapsed Time: 0.00115394592285156 secs 

**************************************************************************** 

Removing the orthogroups (gene families) that have 0 genes in 20% of the spp 

**************************************************************************** 

************************************************************ 

Removing any orthogroupos (gene families) with variance of 0 

************************************************************ 

**************************************************************************** 

Removing orthogroups (gene families) of 1 gene or less present in only 1 spp 

***************************************************************************** 

The file Filtered.GeneNum.log10MLSP.csv was created 

NOTE: Log Print Time:  2025-02-12 12:15:26 
NOTE: Elapsed Time: 0.191329002380371 secs 

######################### 

##### Systematic LOO PGLS #### 

######################### 

#### Systematic Leave-One-Out Analysis Completed #### 

######################### 

##### Systematic LOO PGLS #### 

######################### 

Error in glsEstimate(object, control = control) : computed "gls" fit is singular, rank 3 
========================================================================= 
Log End Time: 2025-02-12 12:45:22 
Log Elapsed Time: 0 00:30:05 
========================================================================= 
