========================================================================= 
Log Path: /Users/mona/Library/CloudStorage/Dropbox/kilili_shared_project/MLSP_GeneFamilySize_project/results/Parallel_LOO_errorhandling/log/GenefamilySize.longevity.log10MLSP_RelBrainMass.associated.genes.benjamini.correction.log 
Working Directory: /Users/mona/Library/CloudStorage/Dropbox/kilili_shared_project/MLSP_GeneFamilySize_project/results/Parallel_LOO_errorhandling 
User Name: mona 
R Version: 4.3.3 (2024-02-29) 
Machine: 172-26-113-129.eduroam.bath.ac.uk x86_64 
Operating System: Darwin 24.3.0 Darwin Kernel Version 24.3.0: Thu Jan 2 20:22:00 PST 2025; root:xnu-11215.81.4~3/RELEASE_X86_64 
Base Packages: parallel stats graphics grDevices utils datasets methods base 
Other Packages: doParallel_1.0.17 iterators_1.0.14 foreach_1.5.2 reshape_0.8.9 nlme_3.1-164 ape_5.7-1 ggpubr_0.6.0 ggplot2_3.5.0 dplyr_1.1.4 logr_1.3.6 
Log Start Time: 2025-02-12 18:56:47.788591 
========================================================================= 

######################### 

##### Parallel Systematic LOO PGLS with 4 cores #### 

######################### 

#### Parallel Systematic Leave-One-Out Analysis Completed #### 

StopIteration 
========================================================================= 
Log End Time: 2025-02-12 19:10:05.525015 
Log Elapsed Time: 0 00:13:17 
========================================================================= 
