========================================================================= 
Log Path: /Users/lisalisa/Library/CloudStorage/Dropbox/kilili_shared_project/MLSP_GeneFamilySize_project/Datos/log/GenefamilySize.longevity.longevity_brainmass.associated.genes.benjamini.correction.log 
Working Directory: /Users/lisalisa/Library/CloudStorage/Dropbox/kilili_shared_project/MLSP_GeneFamilySize_project/Datos 
User Name: momo 
R Version: 4.2.3 (2023-03-15) 
Machine: 172-26-10-229.eduroam.bath.ac.uk arm64 
Operating System: Darwin 24.1.0 Darwin Kernel Version 24.1.0: Thu Oct 10 21:02:45 PDT 2024; root:xnu-11215.41.3~2/RELEASE_ARM64_T8112 
Base Packages: parallel stats graphics grDevices utils datasets methods base 
Other Packages: reshape_0.8.9 ggpubr_0.6.0 ggplot2_3.5.1 dplyr_1.1.4 logr_1.3.8 common_1.1.3 nlme_3.1-164 caper_1.0.3 mvtnorm_1.2-4 MASS_7.3-60.0.1 ape_5.8 
Log Start Time: 2025-02-05 11:52:32 
========================================================================= 

You have 17038 gene families to input the PGLS 

######################### 

##### PGLS PGLS PGLS #### 

######################### 

#### PGLS TWO Variable ###### 

Error in `[.data.frame`(traits, , c("Spp.Name", pheno2, pheno1)) : undefined columns selected 
========================================================================= 
Log End Time: 2025-02-05 11:53:14 
Log Elapsed Time: 0 00:00:42 
========================================================================= 
